[17-Nov-2022 23:50:14 UTC] PHP Parse error:  syntax error, unexpected token "}" in /home/raphael/Documentos/GitHub/Projetos/10-WordPress/ranekapi/app/public/wp-content/themes/api/custom-post-type/produto.php on line 6
[17-Nov-2022 23:50:15 UTC] PHP Warning:  Trying to access array offset on value of type bool in /home/raphael/Documentos/GitHub/Projetos/10-WordPress/ranekapi/app/public/wp-includes/class-wp-recovery-mode-email-service.php on line 372
[17-Nov-2022 23:50:15 UTC] PHP Warning:  Trying to access array offset on value of type bool in /home/raphael/Documentos/GitHub/Projetos/10-WordPress/ranekapi/app/public/wp-includes/class-wp-recovery-mode-email-service.php on line 373
[17-Nov-2022 23:52:14 UTC] PHP Parse error:  syntax error, unexpected token "}" in /home/raphael/Documentos/GitHub/Projetos/10-WordPress/ranekapi/app/public/wp-content/themes/api/custom-post-type/produto.php on line 12
[17-Nov-2022 23:53:26 UTC] PHP Parse error:  syntax error, unexpected token "}" in /home/raphael/Documentos/GitHub/Projetos/10-WordPress/ranekapi/app/public/wp-content/themes/api/custom-post-type/produto.php on line 14
[17-Nov-2022 23:53:41 UTC] PHP Parse error:  syntax error, unexpected token "}" in /home/raphael/Documentos/GitHub/Projetos/10-WordPress/ranekapi/app/public/wp-content/themes/api/custom-post-type/produto.php on line 14
[17-Nov-2022 23:55:41 UTC] PHP Parse error:  syntax error, unexpected token "}" in /home/raphael/Documentos/GitHub/Projetos/10-WordPress/ranekapi/app/public/wp-content/themes/api/custom-post-type/produto.php on line 14
[17-Nov-2022 23:57:41 UTC] PHP Fatal error:  Cannot redeclare registrar_cpt_produto() (previously declared in /home/raphael/Documentos/GitHub/Projetos/10-WordPress/ranekapi/app/public/wp-content/themes/api/custom-post-type/produto.php:3) in /home/raphael/Documentos/GitHub/Projetos/10-WordPress/ranekapi/app/public/wp-content/themes/api/custom-post-type/transacao.php on line 2
[18-Nov-2022 12:00:57 UTC] PHP Parse error:  syntax error, unexpected token "}" in /home/raphael/Documentos/GitHub/Projetos/10-WordPress/ranekapi/app/public/wp-content/themes/api/endpoints/usuario_post.php on line 28
[18-Nov-2022 12:28:01 UTC] PHP Warning:  Undefined array key "HTTP_AUTHORIZATION" in /home/raphael/Documentos/GitHub/Projetos/10-WordPress/ranekapi/app/public/wp-content/plugins/jwt-authentication-for-wp-rest-api/public/class-jwt-auth-public.php on line 222
[18-Nov-2022 12:28:01 UTC] PHP Warning:  Undefined array key "REDIRECT_HTTP_AUTHORIZATION" in /home/raphael/Documentos/GitHub/Projetos/10-WordPress/ranekapi/app/public/wp-content/plugins/jwt-authentication-for-wp-rest-api/public/class-jwt-auth-public.php on line 225
[18-Nov-2022 12:34:46 UTC] PHP Warning:  Undefined array key "HTTP_AUTHORIZATION" in /home/raphael/Documentos/GitHub/Projetos/10-WordPress/ranekapi/app/public/wp-content/plugins/jwt-authentication-for-wp-rest-api/public/class-jwt-auth-public.php on line 222
[18-Nov-2022 12:34:46 UTC] PHP Warning:  Undefined array key "REDIRECT_HTTP_AUTHORIZATION" in /home/raphael/Documentos/GitHub/Projetos/10-WordPress/ranekapi/app/public/wp-content/plugins/jwt-authentication-for-wp-rest-api/public/class-jwt-auth-public.php on line 225
[18-Nov-2022 12:35:49 UTC] PHP Warning:  Undefined array key "HTTP_AUTHORIZATION" in /home/raphael/Documentos/GitHub/Projetos/10-WordPress/ranekapi/app/public/wp-content/plugins/jwt-authentication-for-wp-rest-api/public/class-jwt-auth-public.php on line 222
[18-Nov-2022 12:35:49 UTC] PHP Warning:  Undefined array key "REDIRECT_HTTP_AUTHORIZATION" in /home/raphael/Documentos/GitHub/Projetos/10-WordPress/ranekapi/app/public/wp-content/plugins/jwt-authentication-for-wp-rest-api/public/class-jwt-auth-public.php on line 225
[18-Nov-2022 12:36:43 UTC] PHP Warning:  Undefined array key "HTTP_AUTHORIZATION" in /home/raphael/Documentos/GitHub/Projetos/10-WordPress/ranekapi/app/public/wp-content/plugins/jwt-authentication-for-wp-rest-api/public/class-jwt-auth-public.php on line 222
[18-Nov-2022 12:36:43 UTC] PHP Warning:  Undefined array key "REDIRECT_HTTP_AUTHORIZATION" in /home/raphael/Documentos/GitHub/Projetos/10-WordPress/ranekapi/app/public/wp-content/plugins/jwt-authentication-for-wp-rest-api/public/class-jwt-auth-public.php on line 225
[18-Nov-2022 12:36:50 UTC] PHP Warning:  Undefined array key "HTTP_AUTHORIZATION" in /home/raphael/Documentos/GitHub/Projetos/10-WordPress/ranekapi/app/public/wp-content/plugins/jwt-authentication-for-wp-rest-api/public/class-jwt-auth-public.php on line 222
[18-Nov-2022 12:36:50 UTC] PHP Warning:  Undefined array key "REDIRECT_HTTP_AUTHORIZATION" in /home/raphael/Documentos/GitHub/Projetos/10-WordPress/ranekapi/app/public/wp-content/plugins/jwt-authentication-for-wp-rest-api/public/class-jwt-auth-public.php on line 225
[18-Nov-2022 12:37:39 UTC] PHP Warning:  Undefined array key "HTTP_AUTHORIZATION" in /home/raphael/Documentos/GitHub/Projetos/10-WordPress/ranekapi/app/public/wp-content/plugins/jwt-authentication-for-wp-rest-api/public/class-jwt-auth-public.php on line 222
[18-Nov-2022 12:37:39 UTC] PHP Warning:  Undefined array key "REDIRECT_HTTP_AUTHORIZATION" in /home/raphael/Documentos/GitHub/Projetos/10-WordPress/ranekapi/app/public/wp-content/plugins/jwt-authentication-for-wp-rest-api/public/class-jwt-auth-public.php on line 225
[18-Nov-2022 12:38:36 UTC] PHP Warning:  Undefined array key "HTTP_AUTHORIZATION" in /home/raphael/Documentos/GitHub/Projetos/10-WordPress/ranekapi/app/public/wp-content/plugins/jwt-authentication-for-wp-rest-api/public/class-jwt-auth-public.php on line 222
[18-Nov-2022 12:38:36 UTC] PHP Warning:  Undefined array key "REDIRECT_HTTP_AUTHORIZATION" in /home/raphael/Documentos/GitHub/Projetos/10-WordPress/ranekapi/app/public/wp-content/plugins/jwt-authentication-for-wp-rest-api/public/class-jwt-auth-public.php on line 225
[18-Nov-2022 12:45:46 UTC] PHP Warning:  Undefined variable $response in /home/raphael/Documentos/GitHub/Projetos/10-WordPress/ranekapi/app/public/wp-content/themes/api/endpoints/usuario_get.php on line 4
[18-Nov-2022 13:52:34 UTC] PHP Warning:  Undefined array key "HTTP_AUTHORIZATION" in /home/raphael/Documentos/GitHub/Projetos/10-WordPress/ranekapi/app/public/wp-content/plugins/jwt-authentication-for-wp-rest-api/public/class-jwt-auth-public.php on line 222
[18-Nov-2022 13:52:34 UTC] PHP Warning:  Undefined array key "REDIRECT_HTTP_AUTHORIZATION" in /home/raphael/Documentos/GitHub/Projetos/10-WordPress/ranekapi/app/public/wp-content/plugins/jwt-authentication-for-wp-rest-api/public/class-jwt-auth-public.php on line 225
[18-Nov-2022 13:55:08 UTC] PHP Warning:  Undefined array key "HTTP_AUTHORIZATION" in /home/raphael/Documentos/GitHub/Projetos/10-WordPress/ranekapi/app/public/wp-content/plugins/jwt-authentication-for-wp-rest-api/public/class-jwt-auth-public.php on line 222
[18-Nov-2022 13:55:08 UTC] PHP Warning:  Undefined array key "REDIRECT_HTTP_AUTHORIZATION" in /home/raphael/Documentos/GitHub/Projetos/10-WordPress/ranekapi/app/public/wp-content/plugins/jwt-authentication-for-wp-rest-api/public/class-jwt-auth-public.php on line 225
[18-Nov-2022 13:55:09 UTC] PHP Warning:  Undefined array key "HTTP_AUTHORIZATION" in /home/raphael/Documentos/GitHub/Projetos/10-WordPress/ranekapi/app/public/wp-content/plugins/jwt-authentication-for-wp-rest-api/public/class-jwt-auth-public.php on line 222
[18-Nov-2022 13:55:09 UTC] PHP Warning:  Undefined array key "REDIRECT_HTTP_AUTHORIZATION" in /home/raphael/Documentos/GitHub/Projetos/10-WordPress/ranekapi/app/public/wp-content/plugins/jwt-authentication-for-wp-rest-api/public/class-jwt-auth-public.php on line 225
[18-Nov-2022 13:55:32 UTC] PHP Warning:  Undefined array key "HTTP_AUTHORIZATION" in /home/raphael/Documentos/GitHub/Projetos/10-WordPress/ranekapi/app/public/wp-content/plugins/jwt-authentication-for-wp-rest-api/public/class-jwt-auth-public.php on line 222
[18-Nov-2022 13:55:32 UTC] PHP Warning:  Undefined array key "REDIRECT_HTTP_AUTHORIZATION" in /home/raphael/Documentos/GitHub/Projetos/10-WordPress/ranekapi/app/public/wp-content/plugins/jwt-authentication-for-wp-rest-api/public/class-jwt-auth-public.php on line 225
[18-Nov-2022 13:55:56 UTC] PHP Warning:  Undefined array key "HTTP_AUTHORIZATION" in /home/raphael/Documentos/GitHub/Projetos/10-WordPress/ranekapi/app/public/wp-content/plugins/jwt-authentication-for-wp-rest-api/public/class-jwt-auth-public.php on line 222
[18-Nov-2022 13:55:56 UTC] PHP Warning:  Undefined array key "REDIRECT_HTTP_AUTHORIZATION" in /home/raphael/Documentos/GitHub/Projetos/10-WordPress/ranekapi/app/public/wp-content/plugins/jwt-authentication-for-wp-rest-api/public/class-jwt-auth-public.php on line 225
[18-Nov-2022 13:58:41 UTC] PHP Warning:  Undefined array key "HTTP_AUTHORIZATION" in /home/raphael/Documentos/GitHub/Projetos/10-WordPress/ranekapi/app/public/wp-content/plugins/jwt-authentication-for-wp-rest-api/public/class-jwt-auth-public.php on line 222
[18-Nov-2022 13:58:41 UTC] PHP Warning:  Undefined array key "REDIRECT_HTTP_AUTHORIZATION" in /home/raphael/Documentos/GitHub/Projetos/10-WordPress/ranekapi/app/public/wp-content/plugins/jwt-authentication-for-wp-rest-api/public/class-jwt-auth-public.php on line 225
[18-Nov-2022 14:01:31 UTC] PHP Warning:  Undefined array key "HTTP_AUTHORIZATION" in /home/raphael/Documentos/GitHub/Projetos/10-WordPress/ranekapi/app/public/wp-content/plugins/jwt-authentication-for-wp-rest-api/public/class-jwt-auth-public.php on line 222
[18-Nov-2022 14:01:31 UTC] PHP Warning:  Undefined array key "REDIRECT_HTTP_AUTHORIZATION" in /home/raphael/Documentos/GitHub/Projetos/10-WordPress/ranekapi/app/public/wp-content/plugins/jwt-authentication-for-wp-rest-api/public/class-jwt-auth-public.php on line 225
[18-Nov-2022 16:12:01 UTC] PHP Warning:  Undefined array key "HTTP_AUTHORIZATION" in /home/raphael/Documentos/GitHub/Projetos/10-WordPress/ranekapi/app/public/wp-content/plugins/jwt-authentication-for-wp-rest-api/public/class-jwt-auth-public.php on line 222
[18-Nov-2022 16:12:01 UTC] PHP Warning:  Undefined array key "REDIRECT_HTTP_AUTHORIZATION" in /home/raphael/Documentos/GitHub/Projetos/10-WordPress/ranekapi/app/public/wp-content/plugins/jwt-authentication-for-wp-rest-api/public/class-jwt-auth-public.php on line 225
[18-Nov-2022 16:13:19 UTC] PHP Warning:  Undefined array key "HTTP_AUTHORIZATION" in /home/raphael/Documentos/GitHub/Projetos/10-WordPress/ranekapi/app/public/wp-content/plugins/jwt-authentication-for-wp-rest-api/public/class-jwt-auth-public.php on line 222
[18-Nov-2022 16:13:19 UTC] PHP Warning:  Undefined array key "REDIRECT_HTTP_AUTHORIZATION" in /home/raphael/Documentos/GitHub/Projetos/10-WordPress/ranekapi/app/public/wp-content/plugins/jwt-authentication-for-wp-rest-api/public/class-jwt-auth-public.php on line 225
[18-Nov-2022 16:13:30 UTC] PHP Warning:  Undefined array key "HTTP_AUTHORIZATION" in /home/raphael/Documentos/GitHub/Projetos/10-WordPress/ranekapi/app/public/wp-content/plugins/jwt-authentication-for-wp-rest-api/public/class-jwt-auth-public.php on line 222
[18-Nov-2022 16:13:30 UTC] PHP Warning:  Undefined array key "REDIRECT_HTTP_AUTHORIZATION" in /home/raphael/Documentos/GitHub/Projetos/10-WordPress/ranekapi/app/public/wp-content/plugins/jwt-authentication-for-wp-rest-api/public/class-jwt-auth-public.php on line 225
[18-Nov-2022 16:13:38 UTC] PHP Warning:  Undefined array key "HTTP_AUTHORIZATION" in /home/raphael/Documentos/GitHub/Projetos/10-WordPress/ranekapi/app/public/wp-content/plugins/jwt-authentication-for-wp-rest-api/public/class-jwt-auth-public.php on line 222
[18-Nov-2022 16:13:38 UTC] PHP Warning:  Undefined array key "REDIRECT_HTTP_AUTHORIZATION" in /home/raphael/Documentos/GitHub/Projetos/10-WordPress/ranekapi/app/public/wp-content/plugins/jwt-authentication-for-wp-rest-api/public/class-jwt-auth-public.php on line 225
[18-Nov-2022 16:13:41 UTC] PHP Warning:  Undefined array key "HTTP_AUTHORIZATION" in /home/raphael/Documentos/GitHub/Projetos/10-WordPress/ranekapi/app/public/wp-content/plugins/jwt-authentication-for-wp-rest-api/public/class-jwt-auth-public.php on line 222
[18-Nov-2022 16:13:41 UTC] PHP Warning:  Undefined array key "REDIRECT_HTTP_AUTHORIZATION" in /home/raphael/Documentos/GitHub/Projetos/10-WordPress/ranekapi/app/public/wp-content/plugins/jwt-authentication-for-wp-rest-api/public/class-jwt-auth-public.php on line 225
[18-Nov-2022 16:13:45 UTC] PHP Warning:  Undefined array key "HTTP_AUTHORIZATION" in /home/raphael/Documentos/GitHub/Projetos/10-WordPress/ranekapi/app/public/wp-content/plugins/jwt-authentication-for-wp-rest-api/public/class-jwt-auth-public.php on line 222
[18-Nov-2022 16:13:45 UTC] PHP Warning:  Undefined array key "REDIRECT_HTTP_AUTHORIZATION" in /home/raphael/Documentos/GitHub/Projetos/10-WordPress/ranekapi/app/public/wp-content/plugins/jwt-authentication-for-wp-rest-api/public/class-jwt-auth-public.php on line 225
[18-Nov-2022 16:35:00 UTC] PHP Warning:  require_once(/home/raphael/Documentos/GitHub/Projetos/10-WordPress/ranekapi/app/public/wp-content/themes/api/endpoints/produto_post.php): Failed to open stream: No such file or directory in /home/raphael/Documentos/GitHub/Projetos/10-WordPress/ranekapi/app/public/wp-content/themes/api/functions.php on line 11
[18-Nov-2022 16:35:00 UTC] PHP Fatal error:  Uncaught Error: Failed opening required '/home/raphael/Documentos/GitHub/Projetos/10-WordPress/ranekapi/app/public/wp-content/themes/api/endpoints/produto_post.php' (include_path='.:/usr/share/php:/www/wp-content/pear') in /home/raphael/Documentos/GitHub/Projetos/10-WordPress/ranekapi/app/public/wp-content/themes/api/functions.php:11
Stack trace:
#0 /home/raphael/Documentos/GitHub/Projetos/10-WordPress/ranekapi/app/public/wp-settings.php(585): include()
#1 /home/raphael/Documentos/GitHub/Projetos/10-WordPress/ranekapi/app/public/wp-config.php(93): require_once('/home/raphael/D...')
#2 /home/raphael/Documentos/GitHub/Projetos/10-WordPress/ranekapi/app/public/wp-load.php(50): require_once('/home/raphael/D...')
#3 /home/raphael/Documentos/GitHub/Projetos/10-WordPress/ranekapi/app/public/wp-admin/admin-ajax.php(22): require_once('/home/raphael/D...')
#4 {main}
  thrown in /home/raphael/Documentos/GitHub/Projetos/10-WordPress/ranekapi/app/public/wp-content/themes/api/functions.php on line 11
[18-Nov-2022 16:37:00 UTC] PHP Warning:  require_once(/home/raphael/Documentos/GitHub/Projetos/10-WordPress/ranekapi/app/public/wp-content/themes/api/endpoints/produto_post.php): Failed to open stream: No such file or directory in /home/raphael/Documentos/GitHub/Projetos/10-WordPress/ranekapi/app/public/wp-content/themes/api/functions.php on line 11
[18-Nov-2022 16:37:00 UTC] PHP Fatal error:  Uncaught Error: Failed opening required '/home/raphael/Documentos/GitHub/Projetos/10-WordPress/ranekapi/app/public/wp-content/themes/api/endpoints/produto_post.php' (include_path='.:/usr/share/php:/www/wp-content/pear') in /home/raphael/Documentos/GitHub/Projetos/10-WordPress/ranekapi/app/public/wp-content/themes/api/functions.php:11
Stack trace:
#0 /home/raphael/Documentos/GitHub/Projetos/10-WordPress/ranekapi/app/public/wp-settings.php(585): include()
#1 /home/raphael/Documentos/GitHub/Projetos/10-WordPress/ranekapi/app/public/wp-config.php(93): require_once('/home/raphael/D...')
#2 /home/raphael/Documentos/GitHub/Projetos/10-WordPress/ranekapi/app/public/wp-load.php(50): require_once('/home/raphael/D...')
#3 /home/raphael/Documentos/GitHub/Projetos/10-WordPress/ranekapi/app/public/wp-admin/admin-ajax.php(22): require_once('/home/raphael/D...')
#4 {main}
  thrown in /home/raphael/Documentos/GitHub/Projetos/10-WordPress/ranekapi/app/public/wp-content/themes/api/functions.php on line 11
